<?xml version="1.0" encoding="UTF-8"?>
<!-- Generated by org.testng.reporters.JUnitReportReporter -->
<testsuite hostname="Hemendra" failures="0" tests="2" name="cucumberoptions.TestngRunner" time="117.931" errors="0" timestamp="2023-08-15T19:11:47 IST" skipped="0">
  <testcase classname="cucumberoptions.TestngRunner" name="runScenario" time="19.817"/>
  <system-out/>
  <testcase classname="cucumberoptions.TestngRunner" name="runScenario" time="98.114"/>
  <system-out/>
</testsuite> <!-- cucumberoptions.TestngRunner -->
